<?xml version="1.0" encoding="UTF-8"?>
<testsuite name="Flight Reservation" tests="1" skipped="0" failures="0" errors="0" timestamp="2021-03-10T03:51:22" hostname="JULIANGB" time="40.461">
  <properties/>
  <testcase name="Flight Reservation" classname="Flight Reservation" time="40.461"/>
  <system-out><![CDATA[]]></system-out>
  <system-err><![CDATA[mar 09, 2021 10:51:22 PM org.openqa.selenium.remote.DesiredCapabilities chrome
INFORMACIÓN: Using `new ChromeOptions()` is preferred to `DesiredCapabilities.chrome()`
Starting ChromeDriver 2.42.591088 (7b2b2dca23cca0862f674758c9a3933e685c27d5) on port 6911
Only local connections are allowed.
[1615348286.199][WARNING]: Timed out connecting to Chrome, retrying...
mar 09, 2021 10:51:28 PM org.openqa.selenium.remote.ProtocolHandshake createSession
INFORMACIÓN: Detected dialect: OSS
[1615348290.341][WARNING]: Timed out connecting to Chrome, retrying...
[Test worker] INFO net.thucydides.core.steps.ConsoleLoggingListener - 
        __    _____ _____ ____ _____   ____   _    ____  ____  _____ ____  
  _     \ \  |_   _| ____/ ___|_   _| |  _ \ / \  / ___|/ ___|| ____|  _ \ 
 (_)_____| |   | | |  _| \___ \ | |   | |_) / _ \ \___ \\___ \|  _| | | | |
  _|_____| |   | | | |___ ___) || |   |  __/ ___ \ ___) |___) | |___| |_| |
 (_)     | |   |_| |_____|____/ |_|   |_| /_/   \_\____/|____/|_____|____/ 
        /_/                                                                

TEST PASSED: Flight Reservation
----------------------------------------------------------------------------
]]></system-err>
</testsuite>
